[1015/140712.643:ERROR:process_memory_win.cc(73)] ReadMemory at 0x7ff6f0a00000 of 64 bytes failed: Only part of a ReadProcessMemory or WriteProcessMemory request was completed. (0x12B)
[1015/140712.644:WARNING:pe_image_reader.cc(340)] could not read dos header from C:\Program Files (x86)\Google\Chrome\Application\chrome.exe
[1015/140712.644:ERROR:process_memory_win.cc(73)] ReadMemory at 0x7ff8733b0000 of 64 bytes failed: Only part of a ReadProcessMemory or WriteProcessMemory request was completed. (0x12B)
[1015/140712.644:WARNING:pe_image_reader.cc(340)] could not read dos header from C:\WINDOWS\SYSTEM32\ntdll.dll
[1015/140712.644:ERROR:process_memory_win.cc(73)] ReadMemory at 0x7ff871bc0000 of 64 bytes failed: Only part of a ReadProcessMemory or WriteProcessMemory request was completed. (0x12B)
[1015/140712.644:WARNING:pe_image_reader.cc(340)] could not read dos header from C:\WINDOWS\System32\KERNEL32.DLL
[1015/140712.645:ERROR:process_memory_win.cc(73)] ReadMemory at 0x7ff86fcc0000 of 64 bytes failed: Only part of a ReadProcessMemory or WriteProcessMemory request was completed. (0x12B)
[1015/140712.645:WARNING:pe_image_reader.cc(340)] could not read dos header from C:\WINDOWS\System32\KERNELBASE.dll
[1015/140712.645:ERROR:process_memory_win.cc(73)] ReadMemory at 0x7ff8568a0000 of 64 bytes failed: Only part of a ReadProcessMemory or WriteProcessMemory request was completed. (0x12B)
[1015/140712.645:WARNING:pe_image_reader.cc(340)] could not read dos header from C:\Program Files (x86)\Google\Chrome\Application\77.0.3865.90\chrome_elf.dll
[1015/140712.645:ERROR:process_memory_win.cc(73)] ReadMemory at 0x7ff861e90000 of 64 bytes failed: Only part of a ReadProcessMemory or WriteProcessMemory request was completed. (0x12B)
[1015/140712.645:WARNING:pe_image_reader.cc(340)] could not read dos header from C:\WINDOWS\SYSTEM32\VERSION.dll
[1015/140712.645:ERROR:process_memory_win.cc(73)] ReadMemory at 0x7ff871390000 of 64 bytes failed: Only part of a ReadProcessMemory or WriteProcessMemory request was completed. (0x12B)
[1015/140712.645:WARNING:pe_image_reader.cc(340)] could not read dos header from C:\WINDOWS\System32\msvcrt.dll
[1015/140712.645:ERROR:process_memory_win.cc(73)] ReadMemory at 0x7ff870210000 of 64 bytes failed: Only part of a ReadProcessMemory or WriteProcessMemory request was completed. (0x12B)
[1015/140712.645:WARNING:pe_image_reader.cc(340)] could not read dos header from C:\WINDOWS\System32\bcryptPrimitives.dll
[1015/140712.645:ERROR:process_memory_win.cc(73)] ReadMemory at 0x7ff870720000 of 64 bytes failed: Only part of a ReadProcessMemory or WriteProcessMemory request was completed. (0x12B)
[1015/140712.645:WARNING:pe_image_reader.cc(340)] could not read dos header from C:\WINDOWS\System32\ADVAPI32.dll
[1015/140712.645:ERROR:process_memory_win.cc(73)] ReadMemory at 0x7ff870c50000 of 64 bytes failed: Only part of a ReadProcessMemory or WriteProcessMemory request was completed. (0x12B)
[1015/140712.645:WARNING:pe_image_reader.cc(340)] could not read dos header from C:\WINDOWS\System32\sechost.dll
[1015/140712.645:ERROR:process_memory_win.cc(73)] ReadMemory at 0x7ff870f40000 of 64 bytes failed: Only part of a ReadProcessMemory or WriteProcessMemory request was completed. (0x12B)
[1015/140712.645:WARNING:pe_image_reader.cc(340)] could not read dos header from C:\WINDOWS\System32\RPCRT4.dll
[1015/140712.645:ERROR:process_memory_win.cc(73)] ReadMemory at 0x7ff80fc80000 of 64 bytes failed: Only part of a ReadProcessMemory or WriteProcessMemory request was completed. (0x12B)
[1015/140712.645:WARNING:pe_image_reader.cc(340)] could not read dos header from C:\Program Files (x86)\Google\Chrome\Application\77.0.3865.90\chrome_child.dll
[1015/140712.645:ERROR:process_memory_win.cc(73)] ReadMemory at 0x7ff871af0000 of 64 bytes failed: Only part of a ReadProcessMemory or WriteProcessMemory request was completed. (0x12B)
[1015/140712.645:WARNING:pe_image_reader.cc(340)] could not read dos header from C:\WINDOWS\System32\OLEAUT32.dll
[1015/140712.645:ERROR:process_memory_win.cc(73)] ReadMemory at 0x7ff86ff60000 of 64 bytes failed: Only part of a ReadProcessMemory or WriteProcessMemory request was completed. (0x12B)
[1015/140712.645:WARNING:pe_image_reader.cc(340)] could not read dos header from C:\WINDOWS\System32\msvcp_win.dll
[1015/140712.645:ERROR:process_memory_win.cc(73)] ReadMemory at 0x7ff870290000 of 64 bytes failed: Only part of a ReadProcessMemory or WriteProcessMemory request was completed. (0x12B)
[1015/140712.645:WARNING:pe_image_reader.cc(340)] could not read dos header from C:\WINDOWS\System32\ucrtbase.dll
[1015/140712.645:ERROR:process_memory_win.cc(73)] ReadMemory at 0x7ff871750000 of 64 bytes failed: Only part of a ReadProcessMemory or WriteProcessMemory request was completed. (0x12B)
[1015/140712.645:WARNING:pe_image_reader.cc(340)] could not read dos header from C:\WINDOWS\System32\combase.dll
[1015/140712.645:ERROR:process_memory_win.cc(73)] ReadMemory at 0x7ff871590000 of 64 bytes failed: Only part of a ReadProcessMemory or WriteProcessMemory request was completed. (0x12B)
[1015/140712.645:WARNING:pe_image_reader.cc(340)] could not read dos header from C:\WINDOWS\System32\WS2_32.dll
[1015/140712.646:ERROR:process_memory_win.cc(73)] ReadMemory at 0x7ff871600000 of 64 bytes failed: Only part of a ReadProcessMemory or WriteProcessMemory request was completed. (0x12B)
[1015/140712.646:WARNING:pe_image_reader.cc(340)] could not read dos header from C:\WINDOWS\System32\GDI32.dll
[1015/140712.646:ERROR:process_memory_win.cc(73)] ReadMemory at 0x7ff8703e0000 of 64 bytes failed: Only part of a ReadProcessMemory or WriteProcessMemory request was completed. (0x12B)
[1015/140712.646:WARNING:pe_image_reader.cc(340)] could not read dos header from C:\WINDOWS\System32\gdi32full.dll
[1015/140712.646:ERROR:process_memory_win.cc(73)] ReadMemory at 0x7ff870da0000 of 64 bytes failed: Only part of a ReadProcessMemory or WriteProcessMemory request was completed. (0x12B)
[1015/140712.646:WARNING:pe_image_reader.cc(340)] could not read dos header from C:\WINDOWS\System32\USER32.dll
[1015/140712.646:ERROR:process_memory_win.cc(73)] ReadMemory at 0x7ff86f550000 of 64 bytes failed: Only part of a ReadProcessMemory or WriteProcessMemory request was completed. (0x12B)
[1015/140712.646:WARNING:pe_image_reader.cc(340)] could not read dos header from C:\WINDOWS\System32\win32u.dll
[1015/140712.646:ERROR:process_memory_win.cc(73)] ReadMemory at 0x7ff870650000 of 64 bytes failed: Only part of a ReadProcessMemory or WriteProcessMemory request was completed. (0x12B)
[1015/140712.646:WARNING:pe_image_reader.cc(340)] could not read dos header from C:\WINDOWS\System32\WINTRUST.dll
[1015/140712.646:ERROR:process_memory_win.cc(73)] ReadMemory at 0x7ff86f500000 of 64 bytes failed: Only part of a ReadProcessMemory or WriteProcessMemory request was completed. (0x12B)
[1015/140712.646:WARNING:pe_image_reader.cc(340)] could not read dos header from C:\WINDOWS\System32\MSASN1.dll
[1015/140712.646:ERROR:process_memory_win.cc(73)] ReadMemory at 0x7ff870000000 of 64 bytes failed: Only part of a ReadProcessMemory or WriteProcessMemory request was completed. (0x12B)
[1015/140712.646:WARNING:pe_image_reader.cc(340)] could not read dos header from C:\WINDOWS\System32\CRYPT32.dll
[1015/140712.646:ERROR:process_memory_win.cc(73)] ReadMemory at 0x7ff86e970000 of 64 bytes failed: Only part of a ReadProcessMemory or WriteProcessMemory request was completed. (0x12B)
[1015/140712.646:WARNING:pe_image_reader.cc(340)] could not read dos header from C:\WINDOWS\SYSTEM32\IPHLPAPI.DLL
[1015/140712.646:ERROR:process_memory_win.cc(73)] ReadMemory at 0x7ff86d1a0000 of 64 bytes failed: Only part of a ReadProcessMemory or WriteProcessMemory request was completed. (0x12B)
[1015/140712.646:WARNING:pe_image_reader.cc(340)] could not read dos header from C:\WINDOWS\SYSTEM32\WINMM.dll
[1015/140712.646:ERROR:process_memory_win.cc(73)] ReadMemory at 0x7ff86f3b0000 of 64 bytes failed: Only part of a ReadProcessMemory or WriteProcessMemory request was completed. (0x12B)
[1015/140712.646:WARNING:pe_image_reader.cc(340)] could not read dos header from C:\WINDOWS\SYSTEM32\USERENV.dll
[1015/140712.646:ERROR:process_memory_win.cc(73)] ReadMemory at 0x7ff86f520000 of 64 bytes failed: Only part of a ReadProcessMemory or WriteProcessMemory request was completed. (0x12B)
[1015/140712.646:WARNING:pe_image_reader.cc(340)] could not read dos header from C:\WINDOWS\System32\profapi.dll
[1015/140712.646:ERROR:process_memory_win.cc(73)] ReadMemory at 0x7ff858710000 of 64 bytes failed: Only part of a ReadProcessMemory or WriteProcessMemory request was completed. (0x12B)
[1015/140712.646:WARNING:pe_image_reader.cc(340)] could not read dos header from C:\WINDOWS\SYSTEM32\DWrite.dll
[1015/140712.646:ERROR:process_memory_win.cc(73)] ReadMemory at 0x7ff8550a0000 of 64 bytes failed: Only part of a ReadProcessMemory or WriteProcessMemory request was completed. (0x12B)
[1015/140712.646:WARNING:pe_image_reader.cc(340)] could not read dos header from C:\WINDOWS\SYSTEM32\WINSPOOL.DRV
[1015/140712.646:ERROR:process_memory_win.cc(73)] ReadMemory at 0x7ff86f4e0000 of 64 bytes failed: Only part of a ReadProcessMemory or WriteProcessMemory request was completed. (0x12B)
[1015/140712.646:WARNING:pe_image_reader.cc(340)] could not read dos header from C:\WINDOWS\System32\kernel.appcore.dll
[1015/140712.647:ERROR:process_memory_win.cc(73)] ReadMemory at 0x7ff8701e0000 of 64 bytes failed: Only part of a ReadProcessMemory or WriteProcessMemory request was completed. (0x12B)
[1015/140712.647:WARNING:pe_image_reader.cc(340)] could not read dos header from C:\WINDOWS\System32\bcrypt.dll
[1015/140712.647:ERROR:process_memory_win.cc(73)] ReadMemory at 0x7ff861ef0000 of 64 bytes failed: Only part of a ReadProcessMemory or WriteProcessMemory request was completed. (0x12B)
[1015/140712.647:WARNING:pe_image_reader.cc(340)] could not read dos header from C:\WINDOWS\SYSTEM32\dbghelp.dll
[1015/140712.647:ERROR:process_memory_win.cc(73)] ReadMemory at 0x7ff862490000 of 64 bytes failed: Only part of a ReadProcessMemory or WriteProcessMemory request was completed. (0x12B)
[1015/140712.647:WARNING:pe_image_reader.cc(340)] could not read dos header from C:\WINDOWS\SYSTEM32\WINHTTP.dll
[1015/140712.647:ERROR:process_memory_win.cc(73)] ReadMemory at 0x7ff8557d0000 of 64 bytes failed: Only part of a ReadProcessMemory or WriteProcessMemory request was completed. (0x12B)
[1015/140712.647:WARNING:pe_image_reader.cc(340)] could not read dos header from C:\WINDOWS\SYSTEM32\Secur32.dll
[1015/140712.647:ERROR:process_memory_win.cc(73)] ReadMemory at 0x7ff862af0000 of 64 bytes failed: Only part of a ReadProcessMemory or WriteProcessMemory request was completed. (0x12B)
[1015/140712.647:WARNING:pe_image_reader.cc(340)] could not read dos header from C:\WINDOWS\SYSTEM32\dhcpcsvc.DLL
[1015/140712.647:ERROR:process_memory_win.cc(73)] ReadMemory at 0x7ff871a80000 of 64 bytes failed: Only part of a ReadProcessMemory or WriteProcessMemory request was completed. (0x12B)
[1015/140712.647:WARNING:pe_image_reader.cc(340)] could not read dos header from C:\WINDOWS\System32\NSI.dll
[1015/140712.647:ERROR:process_memory_win.cc(73)] ReadMemory at 0x7ff86d170000 of 64 bytes failed: Only part of a ReadProcessMemory or WriteProcessMemory request was completed. (0x12B)
[1015/140712.647:WARNING:pe_image_reader.cc(340)] could not read dos header from C:\WINDOWS\SYSTEM32\WINMMBASE.dll
[1015/140712.647:ERROR:process_memory_win.cc(73)] ReadMemory at 0x7ff870390000 of 64 bytes failed: Only part of a ReadProcessMemory or WriteProcessMemory request was completed. (0x12B)
[1015/140712.647:WARNING:pe_image_reader.cc(340)] could not read dos header from C:\WINDOWS\System32\cfgmgr32.dll
[1015/140712.647:ERROR:process_memory_win.cc(73)] ReadMemory at 0x7ff86bb30000 of 64 bytes failed: Only part of a ReadProcessMemory or WriteProcessMemory request was completed. (0x12B)
[1015/140712.647:WARNING:pe_image_reader.cc(340)] could not read dos header from C:\WINDOWS\SYSTEM32\PROPSYS.dll
[1015/140712.647:ERROR:process_memory_win.cc(73)] ReadMemory at 0x7ff870cf0000 of 64 bytes failed: Only part of a ReadProcessMemory or WriteProcessMemory request was completed. (0x12B)
[1015/140712.647:WARNING:pe_image_reader.cc(340)] could not read dos header from C:\WINDOWS\System32\shcore.dll
[1015/140712.647:ERROR:process_memory_win.cc(73)] ReadMemory at 0x7ff86f380000 of 64 bytes failed: Only part of a ReadProcessMemory or WriteProcessMemory request was completed. (0x12B)
[1015/140712.647:WARNING:pe_image_reader.cc(340)] could not read dos header from C:\WINDOWS\SYSTEM32\SSPICLI.DLL
[1015/140712.647:ERROR:process_memory_win.cc(73)] ReadMemory at 0x7ff873330000 of 64 bytes failed: Only part of a ReadProcessMemory or WriteProcessMemory request was completed. (0x12B)
[1015/140712.647:WARNING:pe_image_reader.cc(340)] could not read dos header from C:\WINDOWS\System32\IMM32.DLL
[1015/140712.647:ERROR:process_memory_win.cc(73)] ReadMemory at 0x7ff871e30000 of 64 bytes failed: Only part of a ReadProcessMemory or WriteProcessMemory request was completed. (0x12B)
[1015/140712.647:WARNING:pe_image_reader.cc(340)] could not read dos header from C:\WINDOWS\System32\SHELL32.dll
[1015/140712.647:ERROR:process_memory_win.cc(73)] ReadMemory at 0x7ff86f570000 of 64 bytes failed: Only part of a ReadProcessMemory or WriteProcessMemory request was completed. (0x12B)
[1015/140712.647:WARNING:pe_image_reader.cc(340)] could not read dos header from C:\WINDOWS\System32\windows.storage.dll
[1015/140712.647:ERROR:process_memory_win.cc(73)] ReadMemory at 0x7ff86f480000 of 64 bytes failed: Only part of a ReadProcessMemory or WriteProcessMemory request was completed. (0x12B)
[1015/140712.647:WARNING:pe_image_reader.cc(340)] could not read dos header from C:\WINDOWS\System32\powrprof.dll
[1015/140712.648:ERROR:process_memory_win.cc(73)] ReadMemory at 0x7ff8706c0000 of 64 bytes failed: Only part of a ReadProcessMemory or WriteProcessMemory request was completed. (0x12B)
[1015/140712.648:WARNING:pe_image_reader.cc(340)] could not read dos header from C:\WINDOWS\System32\shlwapi.dll
[1015/140712.648:ERROR:process_memory_win.cc(73)] ReadMemory at 0x7ff870580000 of 64 bytes failed: Only part of a ReadProcessMemory or WriteProcessMemory request was completed. (0x12B)
[1015/140712.648:WARNING:pe_image_reader.cc(340)] could not read dos header from C:\WINDOWS\System32\cryptsp.dll
[1015/140712.648:ERROR:process_memory_win.cc(73)] ReadMemory at 0x7ff86edc0000 of 64 bytes failed: Only part of a ReadProcessMemory or WriteProcessMemory request was completed. (0x12B)
[1015/140712.648:WARNING:pe_image_reader.cc(340)] could not read dos header from C:\WINDOWS\SYSTEM32\CRYPTBASE.DLL
[1015/140712.648:ERROR:process_memory_win.cc(73)] ReadMemory at 0x7ff6f0a00000 of 64 bytes failed: Only part of a ReadProcessMemory or WriteProcessMemory request was completed. (0x12B)
[1015/140712.648:WARNING:pe_image_reader.cc(340)] could not read dos header from C:\Program Files (x86)\Google\Chrome\Application\chrome.exe
[1015/140712.648:ERROR:process_memory_win.cc(73)] ReadMemory at 0x7ff8733b0000 of 64 bytes failed: Only part of a ReadProcessMemory or WriteProcessMemory request was completed. (0x12B)
[1015/140712.648:WARNING:pe_image_reader.cc(340)] could not read dos header from C:\WINDOWS\SYSTEM32\ntdll.dll
[1015/140712.648:ERROR:process_memory_win.cc(73)] ReadMemory at 0x7ff871bc0000 of 64 bytes failed: Only part of a ReadProcessMemory or WriteProcessMemory request was completed. (0x12B)
[1015/140712.648:WARNING:pe_image_reader.cc(340)] could not read dos header from C:\WINDOWS\System32\KERNEL32.DLL
[1015/140712.648:ERROR:process_memory_win.cc(73)] ReadMemory at 0x7ff86fcc0000 of 64 bytes failed: Only part of a ReadProcessMemory or WriteProcessMemory request was completed. (0x12B)
[1015/140712.648:WARNING:pe_image_reader.cc(340)] could not read dos header from C:\WINDOWS\System32\KERNELBASE.dll
[1015/140712.648:ERROR:process_memory_win.cc(73)] ReadMemory at 0x7ff8568a0000 of 64 bytes failed: Only part of a ReadProcessMemory or WriteProcessMemory request was completed. (0x12B)
[1015/140712.648:WARNING:pe_image_reader.cc(340)] could not read dos header from C:\Program Files (x86)\Google\Chrome\Application\77.0.3865.90\chrome_elf.dll
[1015/140712.648:ERROR:process_memory_win.cc(73)] ReadMemory at 0x7ff861e90000 of 64 bytes failed: Only part of a ReadProcessMemory or WriteProcessMemory request was completed. (0x12B)
[1015/140712.648:WARNING:pe_image_reader.cc(340)] could not read dos header from C:\WINDOWS\SYSTEM32\VERSION.dll
[1015/140712.649:ERROR:process_memory_win.cc(73)] ReadMemory at 0x7ff871390000 of 64 bytes failed: Only part of a ReadProcessMemory or WriteProcessMemory request was completed. (0x12B)
[1015/140712.649:WARNING:pe_image_reader.cc(340)] could not read dos header from C:\WINDOWS\System32\msvcrt.dll
[1015/140712.649:ERROR:process_memory_win.cc(73)] ReadMemory at 0x7ff870210000 of 64 bytes failed: Only part of a ReadProcessMemory or WriteProcessMemory request was completed. (0x12B)
[1015/140712.649:WARNING:pe_image_reader.cc(340)] could not read dos header from C:\WINDOWS\System32\bcryptPrimitives.dll
[1015/140712.649:ERROR:process_memory_win.cc(73)] ReadMemory at 0x7ff870720000 of 64 bytes failed: Only part of a ReadProcessMemory or WriteProcessMemory request was completed. (0x12B)
[1015/140712.649:WARNING:pe_image_reader.cc(340)] could not read dos header from C:\WINDOWS\System32\ADVAPI32.dll
[1015/140712.649:ERROR:process_memory_win.cc(73)] ReadMemory at 0x7ff870c50000 of 64 bytes failed: Only part of a ReadProcessMemory or WriteProcessMemory request was completed. (0x12B)
[1015/140712.649:WARNING:pe_image_reader.cc(340)] could not read dos header from C:\WINDOWS\System32\sechost.dll
[1015/140712.649:ERROR:process_memory_win.cc(73)] ReadMemory at 0x7ff870f40000 of 64 bytes failed: Only part of a ReadProcessMemory or WriteProcessMemory request was completed. (0x12B)
[1015/140712.649:WARNING:pe_image_reader.cc(340)] could not read dos header from C:\WINDOWS\System32\RPCRT4.dll
[1015/140712.649:ERROR:process_memory_win.cc(73)] ReadMemory at 0x7ff80fc80000 of 64 bytes failed: Only part of a ReadProcessMemory or WriteProcessMemory request was completed. (0x12B)
[1015/140712.649:WARNING:pe_image_reader.cc(340)] could not read dos header from C:\Program Files (x86)\Google\Chrome\Application\77.0.3865.90\chrome_child.dll
[1015/140712.649:ERROR:process_memory_win.cc(73)] ReadMemory at 0x7ff871af0000 of 64 bytes failed: Only part of a ReadProcessMemory or WriteProcessMemory request was completed. (0x12B)
[1015/140712.649:WARNING:pe_image_reader.cc(340)] could not read dos header from C:\WINDOWS\System32\OLEAUT32.dll
[1015/140712.649:ERROR:process_memory_win.cc(73)] ReadMemory at 0x7ff86ff60000 of 64 bytes failed: Only part of a ReadProcessMemory or WriteProcessMemory request was completed. (0x12B)
[1015/140712.649:WARNING:pe_image_reader.cc(340)] could not read dos header from C:\WINDOWS\System32\msvcp_win.dll
[1015/140712.649:ERROR:process_memory_win.cc(73)] ReadMemory at 0x7ff870290000 of 64 bytes failed: Only part of a ReadProcessMemory or WriteProcessMemory request was completed. (0x12B)
[1015/140712.649:WARNING:pe_image_reader.cc(340)] could not read dos header from C:\WINDOWS\System32\ucrtbase.dll
[1015/140712.649:ERROR:process_memory_win.cc(73)] ReadMemory at 0x7ff871750000 of 64 bytes failed: Only part of a ReadProcessMemory or WriteProcessMemory request was completed. (0x12B)
[1015/140712.649:WARNING:pe_image_reader.cc(340)] could not read dos header from C:\WINDOWS\System32\combase.dll
[1015/140712.649:ERROR:process_memory_win.cc(73)] ReadMemory at 0x7ff871590000 of 64 bytes failed: Only part of a ReadProcessMemory or WriteProcessMemory request was completed. (0x12B)
[1015/140712.649:WARNING:pe_image_reader.cc(340)] could not read dos header from C:\WINDOWS\System32\WS2_32.dll
[1015/140712.650:ERROR:process_memory_win.cc(73)] ReadMemory at 0x7ff871600000 of 64 bytes failed: Only part of a ReadProcessMemory or WriteProcessMemory request was completed. (0x12B)
[1015/140712.650:WARNING:pe_image_reader.cc(340)] could not read dos header from C:\WINDOWS\System32\GDI32.dll
[1015/140712.650:ERROR:process_memory_win.cc(73)] ReadMemory at 0x7ff8703e0000 of 64 bytes failed: Only part of a ReadProcessMemory or WriteProcessMemory request was completed. (0x12B)
[1015/140712.650:WARNING:pe_image_reader.cc(340)] could not read dos header from C:\WINDOWS\System32\gdi32full.dll
[1015/140712.650:ERROR:process_memory_win.cc(73)] ReadMemory at 0x7ff870da0000 of 64 bytes failed: Only part of a ReadProcessMemory or WriteProcessMemory request was completed. (0x12B)
[1015/140712.650:WARNING:pe_image_reader.cc(340)] could not read dos header from C:\WINDOWS\System32\USER32.dll
[1015/140712.650:ERROR:process_memory_win.cc(73)] ReadMemory at 0x7ff86f550000 of 64 bytes failed: Only part of a ReadProcessMemory or WriteProcessMemory request was completed. (0x12B)
[1015/140712.650:WARNING:pe_image_reader.cc(340)] could not read dos header from C:\WINDOWS\System32\win32u.dll
[1015/140712.650:ERROR:process_memory_win.cc(73)] ReadMemory at 0x7ff870650000 of 64 bytes failed: Only part of a ReadProcessMemory or WriteProcessMemory request was completed. (0x12B)
[1015/140712.650:WARNING:pe_image_reader.cc(340)] could not read dos header from C:\WINDOWS\System32\WINTRUST.dll
[1015/140712.650:ERROR:process_memory_win.cc(73)] ReadMemory at 0x7ff86f500000 of 64 bytes failed: Only part of a ReadProcessMemory or WriteProcessMemory request was completed. (0x12B)
[1015/140712.650:WARNING:pe_image_reader.cc(340)] could not read dos header from C:\WINDOWS\System32\MSASN1.dll
[1015/140712.650:ERROR:process_memory_win.cc(73)] ReadMemory at 0x7ff870000000 of 64 bytes failed: Only part of a ReadProcessMemory or WriteProcessMemory request was completed. (0x12B)
[1015/140712.650:WARNING:pe_image_reader.cc(340)] could not read dos header from C:\WINDOWS\System32\CRYPT32.dll
[1015/140712.650:ERROR:process_memory_win.cc(73)] ReadMemory at 0x7ff86e970000 of 64 bytes failed: Only part of a ReadProcessMemory or WriteProcessMemory request was completed. (0x12B)
[1015/140712.650:WARNING:pe_image_reader.cc(340)] could not read dos header from C:\WINDOWS\SYSTEM32\IPHLPAPI.DLL
[1015/140712.650:ERROR:process_memory_win.cc(73)] ReadMemory at 0x7ff86d1a0000 of 64 bytes failed: Only part of a ReadProcessMemory or WriteProcessMemory request was completed. (0x12B)
[1015/140712.650:WARNING:pe_image_reader.cc(340)] could not read dos header from C:\WINDOWS\SYSTEM32\WINMM.dll
[1015/140712.650:ERROR:process_memory_win.cc(73)] ReadMemory at 0x7ff86f3b0000 of 64 bytes failed: Only part of a ReadProcessMemory or WriteProcessMemory request was completed. (0x12B)
[1015/140712.650:WARNING:pe_image_reader.cc(340)] could not read dos header from C:\WINDOWS\SYSTEM32\USERENV.dll
[1015/140712.650:ERROR:process_memory_win.cc(73)] ReadMemory at 0x7ff86f520000 of 64 bytes failed: Only part of a ReadProcessMemory or WriteProcessMemory request was completed. (0x12B)
[1015/140712.650:WARNING:pe_image_reader.cc(340)] could not read dos header from C:\WINDOWS\System32\profapi.dll
[1015/140712.650:ERROR:process_memory_win.cc(73)] ReadMemory at 0x7ff858710000 of 64 bytes failed: Only part of a ReadProcessMemory or WriteProcessMemory request was completed. (0x12B)
[1015/140712.651:WARNING:pe_image_reader.cc(340)] could not read dos header from C:\WINDOWS\SYSTEM32\DWrite.dll
[1015/140712.651:ERROR:process_memory_win.cc(73)] ReadMemory at 0x7ff8550a0000 of 64 bytes failed: Only part of a ReadProcessMemory or WriteProcessMemory request was completed. (0x12B)
[1015/140712.651:WARNING:pe_image_reader.cc(340)] could not read dos header from C:\WINDOWS\SYSTEM32\WINSPOOL.DRV
[1015/140712.651:ERROR:process_memory_win.cc(73)] ReadMemory at 0x7ff86f4e0000 of 64 bytes failed: Only part of a ReadProcessMemory or WriteProcessMemory request was completed. (0x12B)
[1015/140712.651:WARNING:pe_image_reader.cc(340)] could not read dos header from C:\WINDOWS\System32\kernel.appcore.dll
[1015/140712.651:ERROR:process_memory_win.cc(73)] ReadMemory at 0x7ff8701e0000 of 64 bytes failed: Only part of a ReadProcessMemory or WriteProcessMemory request was completed. (0x12B)
[1015/140712.651:WARNING:pe_image_reader.cc(340)] could not read dos header from C:\WINDOWS\System32\bcrypt.dll
[1015/140712.651:ERROR:process_memory_win.cc(73)] ReadMemory at 0x7ff861ef0000 of 64 bytes failed: Only part of a ReadProcessMemory or WriteProcessMemory request was completed. (0x12B)
[1015/140712.651:WARNING:pe_image_reader.cc(340)] could not read dos header from C:\WINDOWS\SYSTEM32\dbghelp.dll
[1015/140712.651:ERROR:process_memory_win.cc(73)] ReadMemory at 0x7ff862490000 of 64 bytes failed: Only part of a ReadProcessMemory or WriteProcessMemory request was completed. (0x12B)
[1015/140712.651:WARNING:pe_image_reader.cc(340)] could not read dos header from C:\WINDOWS\SYSTEM32\WINHTTP.dll
[1015/140712.651:ERROR:process_memory_win.cc(73)] ReadMemory at 0x7ff8557d0000 of 64 bytes failed: Only part of a ReadProcessMemory or WriteProcessMemory request was completed. (0x12B)
[1015/140712.651:WARNING:pe_image_reader.cc(340)] could not read dos header from C:\WINDOWS\SYSTEM32\Secur32.dll
[1015/140712.651:ERROR:process_memory_win.cc(73)] ReadMemory at 0x7ff862af0000 of 64 bytes failed: Only part of a ReadProcessMemory or WriteProcessMemory request was completed. (0x12B)
[1015/140712.651:WARNING:pe_image_reader.cc(340)] could not read dos header from C:\WINDOWS\SYSTEM32\dhcpcsvc.DLL
[1015/140712.651:ERROR:process_memory_win.cc(73)] ReadMemory at 0x7ff871a80000 of 64 bytes failed: Only part of a ReadProcessMemory or WriteProcessMemory request was completed. (0x12B)
[1015/140712.651:WARNING:pe_image_reader.cc(340)] could not read dos header from C:\WINDOWS\System32\NSI.dll
[1015/140712.651:ERROR:process_memory_win.cc(73)] ReadMemory at 0x7ff86d170000 of 64 bytes failed: Only part of a ReadProcessMemory or WriteProcessMemory request was completed. (0x12B)
[1015/140712.651:WARNING:pe_image_reader.cc(340)] could not read dos header from C:\WINDOWS\SYSTEM32\WINMMBASE.dll
[1015/140712.651:ERROR:process_memory_win.cc(73)] ReadMemory at 0x7ff870390000 of 64 bytes failed: Only part of a ReadProcessMemory or WriteProcessMemory request was completed. (0x12B)
[1015/140712.651:WARNING:pe_image_reader.cc(340)] could not read dos header from C:\WINDOWS\System32\cfgmgr32.dll
[1015/140712.651:ERROR:process_memory_win.cc(73)] ReadMemory at 0x7ff86bb30000 of 64 bytes failed: Only part of a ReadProcessMemory or WriteProcessMemory request was completed. (0x12B)
[1015/140712.651:WARNING:pe_image_reader.cc(340)] could not read dos header from C:\WINDOWS\SYSTEM32\PROPSYS.dll
[1015/140712.652:ERROR:process_memory_win.cc(73)] ReadMemory at 0x7ff870cf0000 of 64 bytes failed: Only part of a ReadProcessMemory or WriteProcessMemory request was completed. (0x12B)
[1015/140712.652:WARNING:pe_image_reader.cc(340)] could not read dos header from C:\WINDOWS\System32\shcore.dll
[1015/140712.652:ERROR:process_memory_win.cc(73)] ReadMemory at 0x7ff86f380000 of 64 bytes failed: Only part of a ReadProcessMemory or WriteProcessMemory request was completed. (0x12B)
[1015/140712.652:WARNING:pe_image_reader.cc(340)] could not read dos header from C:\WINDOWS\SYSTEM32\SSPICLI.DLL
[1015/140712.652:ERROR:process_memory_win.cc(73)] ReadMemory at 0x7ff873330000 of 64 bytes failed: Only part of a ReadProcessMemory or WriteProcessMemory request was completed. (0x12B)
[1015/140712.652:WARNING:pe_image_reader.cc(340)] could not read dos header from C:\WINDOWS\System32\IMM32.DLL
[1015/140712.652:ERROR:process_memory_win.cc(73)] ReadMemory at 0x7ff871e30000 of 64 bytes failed: Only part of a ReadProcessMemory or WriteProcessMemory request was completed. (0x12B)
[1015/140712.652:WARNING:pe_image_reader.cc(340)] could not read dos header from C:\WINDOWS\System32\SHELL32.dll
[1015/140712.652:ERROR:process_memory_win.cc(73)] ReadMemory at 0x7ff86f570000 of 64 bytes failed: Only part of a ReadProcessMemory or WriteProcessMemory request was completed. (0x12B)
[1015/140712.652:WARNING:pe_image_reader.cc(340)] could not read dos header from C:\WINDOWS\System32\windows.storage.dll
[1015/140712.652:ERROR:process_memory_win.cc(73)] ReadMemory at 0x7ff86f480000 of 64 bytes failed: Only part of a ReadProcessMemory or WriteProcessMemory request was completed. (0x12B)
[1015/140712.652:WARNING:pe_image_reader.cc(340)] could not read dos header from C:\WINDOWS\System32\powrprof.dll
[1015/140712.652:ERROR:process_memory_win.cc(73)] ReadMemory at 0x7ff8706c0000 of 64 bytes failed: Only part of a ReadProcessMemory or WriteProcessMemory request was completed. (0x12B)
[1015/140712.652:WARNING:pe_image_reader.cc(340)] could not read dos header from C:\WINDOWS\System32\shlwapi.dll
[1015/140712.652:ERROR:process_memory_win.cc(73)] ReadMemory at 0x7ff870580000 of 64 bytes failed: Only part of a ReadProcessMemory or WriteProcessMemory request was completed. (0x12B)
[1015/140712.652:WARNING:pe_image_reader.cc(340)] could not read dos header from C:\WINDOWS\System32\cryptsp.dll
[1015/140712.652:ERROR:process_memory_win.cc(73)] ReadMemory at 0x7ff86edc0000 of 64 bytes failed: Only part of a ReadProcessMemory or WriteProcessMemory request was completed. (0x12B)
[1015/140712.652:WARNING:pe_image_reader.cc(340)] could not read dos header from C:\WINDOWS\SYSTEM32\CRYPTBASE.DLL
[1015/140712.663:ERROR:process_memory_win.cc(73)] ReadMemory at 0x84629f4000 of 49152 bytes failed: Only part of a ReadProcessMemory or WriteProcessMemory request was completed. (0x12B)
[1015/140712.663:ERROR:process_memory_win.cc(73)] ReadMemory at 0x84631fd000 of 12288 bytes failed: Only part of a ReadProcessMemory or WriteProcessMemory request was completed. (0x12B)
[1015/140712.663:ERROR:process_memory_win.cc(73)] ReadMemory at 0x84639f9000 of 28672 bytes failed: Only part of a ReadProcessMemory or WriteProcessMemory request was completed. (0x12B)
[1015/140712.663:ERROR:process_memory_win.cc(73)] ReadMemory at 0x84641fc000 of 16384 bytes failed: Only part of a ReadProcessMemory or WriteProcessMemory request was completed. (0x12B)
[1015/140712.664:ERROR:process_memory_win.cc(73)] ReadMemory at 0x84649fc000 of 16384 bytes failed: Only part of a ReadProcessMemory or WriteProcessMemory request was completed. (0x12B)
[1015/140712.664:ERROR:process_memory_win.cc(73)] ReadMemory at 0x84651ff000 of 4096 bytes failed: Only part of a ReadProcessMemory or WriteProcessMemory request was completed. (0x12B)
[1015/140712.664:ERROR:process_memory_win.cc(73)] ReadMemory at 0x84659fd000 of 12288 bytes failed: Only part of a ReadProcessMemory or WriteProcessMemory request was completed. (0x12B)
[1015/140712.664:ERROR:process_memory_win.cc(73)] ReadMemory at 0x84661fb000 of 20480 bytes failed: Only part of a ReadProcessMemory or WriteProcessMemory request was completed. (0x12B)
[1015/140712.664:ERROR:process_memory_win.cc(73)] ReadMemory at 0x84669fd000 of 12288 bytes failed: Only part of a ReadProcessMemory or WriteProcessMemory request was completed. (0x12B)
[1015/140712.664:ERROR:process_memory_win.cc(73)] ReadMemory at 0x84671fd000 of 12288 bytes failed: Only part of a ReadProcessMemory or WriteProcessMemory request was completed. (0x12B)
[1015/140712.664:ERROR:process_memory_win.cc(73)] ReadMemory at 0x84679fd000 of 12288 bytes failed: Only part of a ReadProcessMemory or WriteProcessMemory request was completed. (0x12B)
[1015/140712.665:ERROR:process_memory_win.cc(73)] ReadMemory at 0x84681fd000 of 12288 bytes failed: Only part of a ReadProcessMemory or WriteProcessMemory request was completed. (0x12B)
[1015/140712.665:ERROR:process_memory_win.cc(73)] ReadMemory at 0x84689fd000 of 12288 bytes failed: Only part of a ReadProcessMemory or WriteProcessMemory request was completed. (0x12B)
[1015/140712.665:ERROR:process_memory_win.cc(73)] ReadMemory at 0x84691fd000 of 12288 bytes failed: Only part of a ReadProcessMemory or WriteProcessMemory request was completed. (0x12B)
[1015/140712.665:ERROR:process_memory_win.cc(73)] ReadMemory at 0x84699f9000 of 28672 bytes failed: Only part of a ReadProcessMemory or WriteProcessMemory request was completed. (0x12B)
[1015/140712.665:ERROR:process_memory_win.cc(73)] ReadMemory at 0x846a1fc000 of 16384 bytes failed: Only part of a ReadProcessMemory or WriteProcessMemory request was completed. (0x12B)
[1015/140712.665:ERROR:process_memory_win.cc(73)] ReadMemory at 0x846a9fd000 of 12288 bytes failed: Only part of a ReadProcessMemory or WriteProcessMemory request was completed. (0x12B)
[1015/140712.666:ERROR:process_memory_win.cc(73)] ReadMemory at 0x84620f2000 of 852 bytes failed: Only part of a ReadProcessMemory or WriteProcessMemory request was completed. (0x12B)
[1015/140712.666:ERROR:process_memory_win.cc(73)] ReadMemory at 0x84620f3000 of 6024 bytes failed: Only part of a ReadProcessMemory or WriteProcessMemory request was completed. (0x12B)
[1015/140712.666:ERROR:process_memory_win.cc(73)] ReadMemory at 0x84620f5000 of 6024 bytes failed: Only part of a ReadProcessMemory or WriteProcessMemory request was completed. (0x12B)
[1015/140712.666:ERROR:process_memory_win.cc(73)] ReadMemory at 0x84620f7000 of 6024 bytes failed: Only part of a ReadProcessMemory or WriteProcessMemory request was completed. (0x12B)
[1015/140712.666:ERROR:process_memory_win.cc(73)] ReadMemory at 0x84620f9000 of 6024 bytes failed: Only part of a ReadProcessMemory or WriteProcessMemory request was completed. (0x12B)
[1015/140712.666:ERROR:process_memory_win.cc(73)] ReadMemory at 0x84620fb000 of 6024 bytes failed: Only part of a ReadProcessMemory or WriteProcessMemory request was completed. (0x12B)
[1015/140712.667:ERROR:process_memory_win.cc(73)] ReadMemory at 0x84620fd000 of 6024 bytes failed: Only part of a ReadProcessMemory or WriteProcessMemory request was completed. (0x12B)
[1015/140712.667:ERROR:process_memory_win.cc(73)] ReadMemory at 0x84620ff000 of 6024 bytes failed: Only part of a ReadProcessMemory or WriteProcessMemory request was completed. (0x12B)
[1015/140712.667:ERROR:process_memory_win.cc(73)] ReadMemory at 0x8462101000 of 6024 bytes failed: Only part of a ReadProcessMemory or WriteProcessMemory request was completed. (0x12B)
[1015/140712.667:ERROR:process_memory_win.cc(73)] ReadMemory at 0x8462103000 of 6024 bytes failed: Only part of a ReadProcessMemory or WriteProcessMemory request was completed. (0x12B)
[1015/140712.667:ERROR:process_memory_win.cc(73)] ReadMemory at 0x8462105000 of 6024 bytes failed: Only part of a ReadProcessMemory or WriteProcessMemory request was completed. (0x12B)
[1015/140712.667:ERROR:process_memory_win.cc(73)] ReadMemory at 0x8462107000 of 6024 bytes failed: Only part of a ReadProcessMemory or WriteProcessMemory request was completed. (0x12B)
[1015/140712.667:ERROR:process_memory_win.cc(73)] ReadMemory at 0x8462109000 of 6024 bytes failed: Only part of a ReadProcessMemory or WriteProcessMemory request was completed. (0x12B)
[1015/140712.667:ERROR:process_memory_win.cc(73)] ReadMemory at 0x846210b000 of 6024 bytes failed: Only part of a ReadProcessMemory or WriteProcessMemory request was completed. (0x12B)
[1015/140712.668:ERROR:process_memory_win.cc(73)] ReadMemory at 0x846210d000 of 6024 bytes failed: Only part of a ReadProcessMemory or WriteProcessMemory request was completed. (0x12B)
[1015/140712.668:ERROR:process_memory_win.cc(73)] ReadMemory at 0x846210f000 of 6024 bytes failed: Only part of a ReadProcessMemory or WriteProcessMemory request was completed. (0x12B)
[1015/140712.668:ERROR:process_memory_win.cc(73)] ReadMemory at 0x8462111000 of 6024 bytes failed: Only part of a ReadProcessMemory or WriteProcessMemory request was completed. (0x12B)
[1015/140712.668:ERROR:process_memory_win.cc(73)] ReadMemory at 0x8462113000 of 6024 bytes failed: Only part of a ReadProcessMemory or WriteProcessMemory request was completed. (0x12B)
[1015/140712.668:ERROR:process_memory_win.cc(73)] ReadMemory at 0x1f778810fe0 of 6468 bytes failed: Only part of a ReadProcessMemory or WriteProcessMemory request was completed. (0x12B)
[1015/140712.668:ERROR:process_memory_win.cc(73)] ReadMemory at 0x1f778812930 of 1012 bytes failed: Only part of a ReadProcessMemory or WriteProcessMemory request was completed. (0x12B)
[1015/140712.668:ERROR:process_memory_win.cc(73)] ReadMemory at 0x1f778812f58 of 156 bytes failed: Only part of a ReadProcessMemory or WriteProcessMemory request was completed. (0x12B)
[1015/140712.668:ERROR:process_memory_win.cc(73)] ReadMemory at 0x1f778812ff6 of 118 bytes failed: Only part of a ReadProcessMemory or WriteProcessMemory request was completed. (0x12B)
[1015/140712.668:ERROR:process_memory_win.cc(73)] ReadMemory at 0x1f77881306e of 1320 bytes failed: Only part of a ReadProcessMemory or WriteProcessMemory request was completed. (0x12B)
[1015/140712.668:ERROR:process_memory_win.cc(73)] ReadMemory at 0x1f778813598 of 118 bytes failed: Only part of a ReadProcessMemory or WriteProcessMemory request was completed. (0x12B)
[1015/140712.669:ERROR:process_memory_win.cc(73)] ReadMemory at 0x1f778813610 of 94 bytes failed: Only part of a ReadProcessMemory or WriteProcessMemory request was completed. (0x12B)
[1015/140712.669:ERROR:process_memory_win.cc(73)] ReadMemory at 0x1f778813680 of 58 bytes failed: Only part of a ReadProcessMemory or WriteProcessMemory request was completed. (0x12B)
[1015/140712.669:ERROR:process_memory_win.cc(73)] ReadMemory at 0x1f778813830 of 132 bytes failed: Only part of a ReadProcessMemory or WriteProcessMemory request was completed. (0x12B)
[1015/140712.669:ERROR:process_memory_win.cc(73)] ReadMemory at 0x1f7788139c0 of 132 bytes failed: Only part of a ReadProcessMemory or WriteProcessMemory request was completed. (0x12B)
[1015/140712.669:ERROR:process_memory_win.cc(73)] ReadMemory at 0x1f778813b80 of 124 bytes failed: Only part of a ReadProcessMemory or WriteProcessMemory request was completed. (0x12B)
[1015/140712.669:ERROR:process_memory_win.cc(73)] ReadMemory at 0x1f778813f60 of 132 bytes failed: Only part of a ReadProcessMemory or WriteProcessMemory request was completed. (0x12B)
[1015/140712.669:ERROR:process_memory_win.cc(73)] ReadMemory at 0x1f7788140f0 of 64 bytes failed: Only part of a ReadProcessMemory or WriteProcessMemory request was completed. (0x12B)
[1015/140712.669:ERROR:process_memory_win.cc(73)] ReadMemory at 0x1f778814140 of 132 bytes failed: Only part of a ReadProcessMemory or WriteProcessMemory request was completed. (0x12B)
[1015/140712.669:ERROR:process_memory_win.cc(73)] ReadMemory at 0x1f7788142b0 of 132 bytes failed: Only part of a ReadProcessMemory or WriteProcessMemory request was completed. (0x12B)
[1015/140712.669:ERROR:process_memory_win.cc(73)] ReadMemory at 0x1f778814550 of 132 bytes failed: Only part of a ReadProcessMemory or WriteProcessMemory request was completed. (0x12B)
[1015/140712.669:ERROR:process_memory_win.cc(73)] ReadMemory at 0x1f7788146e0 of 68 bytes failed: Only part of a ReadProcessMemory or WriteProcessMemory request was completed. (0x12B)
[1015/140712.669:ERROR:process_memory_win.cc(73)] ReadMemory at 0x1f7788156d0 of 156 bytes failed: Only part of a ReadProcessMemory or WriteProcessMemory request was completed. (0x12B)
[1015/140712.670:ERROR:process_memory_win.cc(73)] ReadMemory at 0x1f7788157b0 of 132 bytes failed: Only part of a ReadProcessMemory or WriteProcessMemory request was completed. (0x12B)
[1015/140712.670:ERROR:process_memory_win.cc(73)] ReadMemory at 0x1f778815940 of 152 bytes failed: Only part of a ReadProcessMemory or WriteProcessMemory request was completed. (0x12B)
[1015/140712.670:ERROR:process_memory_win.cc(73)] ReadMemory at 0x1f7788165e0 of 132 bytes failed: Only part of a ReadProcessMemory or WriteProcessMemory request was completed. (0x12B)
[1015/140712.670:ERROR:process_memory_win.cc(73)] ReadMemory at 0x1f778816740 of 62 bytes failed: Only part of a ReadProcessMemory or WriteProcessMemory request was completed. (0x12B)
[1015/140712.670:ERROR:process_memory_win.cc(73)] ReadMemory at 0x1f7788168a0 of 132 bytes failed: Only part of a ReadProcessMemory or WriteProcessMemory request was completed. (0x12B)
[1015/140712.670:ERROR:process_memory_win.cc(73)] ReadMemory at 0x1f778816a30 of 60 bytes failed: Only part of a ReadProcessMemory or WriteProcessMemory request was completed. (0x12B)
[1015/140712.670:ERROR:process_memory_win.cc(73)] ReadMemory at 0x1f778816bb0 of 132 bytes failed: Only part of a ReadProcessMemory or WriteProcessMemory request was completed. (0x12B)
[1015/140712.670:ERROR:process_memory_win.cc(73)] ReadMemory at 0x1f778818c30 of 132 bytes failed: Only part of a ReadProcessMemory or WriteProcessMemory request was completed. (0x12B)
[1015/140712.670:ERROR:process_memory_win.cc(73)] ReadMemory at 0x1f77881b470 of 132 bytes failed: Only part of a ReadProcessMemory or WriteProcessMemory request was completed. (0x12B)
[1015/140712.670:ERROR:process_memory_win.cc(73)] ReadMemory at 0x1f77881b600 of 80 bytes failed: Only part of a ReadProcessMemory or WriteProcessMemory request was completed. (0x12B)
[1015/140712.670:ERROR:process_memory_win.cc(73)] ReadMemory at 0x1f77881b7a0 of 64 bytes failed: Only part of a ReadProcessMemory or WriteProcessMemory request was completed. (0x12B)
[1015/140712.670:ERROR:process_memory_win.cc(73)] ReadMemory at 0x1f77881b890 of 64 bytes failed: Only part of a ReadProcessMemory or WriteProcessMemory request was completed. (0x12B)
[1015/140712.670:ERROR:process_memory_win.cc(73)] ReadMemory at 0x1f77881b980 of 62 bytes failed: Only part of a ReadProcessMemory or WriteProcessMemory request was completed. (0x12B)
[1015/140712.670:ERROR:process_memory_win.cc(73)] ReadMemory at 0x1f77881bb10 of 66 bytes failed: Only part of a ReadProcessMemory or WriteProcessMemory request was completed. (0x12B)
[1015/140712.670:ERROR:process_memory_win.cc(73)] ReadMemory at 0x1f77881bb60 of 64 bytes failed: Only part of a ReadProcessMemory or WriteProcessMemory request was completed. (0x12B)
[1015/140712.671:ERROR:process_memory_win.cc(73)] ReadMemory at 0x1f77881bbb0 of 62 bytes failed: Only part of a ReadProcessMemory or WriteProcessMemory request was completed. (0x12B)
[1015/140712.671:ERROR:process_memory_win.cc(73)] ReadMemory at 0x1f77881bca0 of 60 bytes failed: Only part of a ReadProcessMemory or WriteProcessMemory request was completed. (0x12B)
[1015/140712.671:ERROR:process_memory_win.cc(73)] ReadMemory at 0x1f77881bcf0 of 58 bytes failed: Only part of a ReadProcessMemory or WriteProcessMemory request was completed. (0x12B)
[1015/140712.671:ERROR:process_memory_win.cc(73)] ReadMemory at 0x1f77881be80 of 60 bytes failed: Only part of a ReadProcessMemory or WriteProcessMemory request was completed. (0x12B)
[1015/140712.671:ERROR:process_memory_win.cc(73)] ReadMemory at 0x1f77881c8f0 of 76 bytes failed: Only part of a ReadProcessMemory or WriteProcessMemory request was completed. (0x12B)
[1015/140712.671:ERROR:process_memory_win.cc(73)] ReadMemory at 0x1f77881c9b0 of 78 bytes failed: Only part of a ReadProcessMemory or WriteProcessMemory request was completed. (0x12B)
[1015/140712.671:ERROR:process_memory_win.cc(73)] ReadMemory at 0x1f77881efb0 of 132 bytes failed: Only part of a ReadProcessMemory or WriteProcessMemory request was completed. (0x12B)
[1015/140712.671:ERROR:process_memory_win.cc(73)] ReadMemory at 0x1f77881ffb0 of 54 bytes failed: Only part of a ReadProcessMemory or WriteProcessMemory request was completed. (0x12B)
[1015/140712.671:ERROR:process_memory_win.cc(73)] ReadMemory at 0x1f778821700 of 132 bytes failed: Only part of a ReadProcessMemory or WriteProcessMemory request was completed. (0x12B)
[1015/140712.671:ERROR:process_memory_win.cc(73)] ReadMemory at 0x1f778823930 of 132 bytes failed: Only part of a ReadProcessMemory or WriteProcessMemory request was completed. (0x12B)
[1015/140712.671:ERROR:process_memory_win.cc(73)] ReadMemory at 0x1f778823c10 of 132 bytes failed: Only part of a ReadProcessMemory or WriteProcessMemory request was completed. (0x12B)
[1015/140712.671:ERROR:process_memory_win.cc(73)] ReadMemory at 0x1f778823fc0 of 132 bytes failed: Only part of a ReadProcessMemory or WriteProcessMemory request was completed. (0x12B)
[1015/140712.671:ERROR:process_memory_win.cc(73)] ReadMemory at 0x1f778825cd0 of 132 bytes failed: Only part of a ReadProcessMemory or WriteProcessMemory request was completed. (0x12B)
[1015/140712.671:ERROR:process_memory_win.cc(73)] ReadMemory at 0x1f778825e00 of 132 bytes failed: Only part of a ReadProcessMemory or WriteProcessMemory request was completed. (0x12B)
[1015/140712.671:ERROR:process_memory_win.cc(73)] ReadMemory at 0x1f778825f30 of 132 bytes failed: Only part of a ReadProcessMemory or WriteProcessMemory request was completed. (0x12B)
[1015/140712.672:ERROR:process_memory_win.cc(73)] ReadMemory at 0x1f778826060 of 132 bytes failed: Only part of a ReadProcessMemory or WriteProcessMemory request was completed. (0x12B)
[1015/140712.672:ERROR:process_memory_win.cc(73)] ReadMemory at 0x1f7788262c0 of 132 bytes failed: Only part of a ReadProcessMemory or WriteProcessMemory request was completed. (0x12B)
[1015/140712.672:ERROR:process_memory_win.cc(73)] ReadMemory at 0x1f7788263f0 of 132 bytes failed: Only part of a ReadProcessMemory or WriteProcessMemory request was completed. (0x12B)
[1015/140712.672:ERROR:process_memory_win.cc(73)] ReadMemory at 0x1f778826520 of 132 bytes failed: Only part of a ReadProcessMemory or WriteProcessMemory request was completed. (0x12B)
[1015/140712.672:ERROR:process_memory_win.cc(73)] ReadMemory at 0x1f778826650 of 132 bytes failed: Only part of a ReadProcessMemory or WriteProcessMemory request was completed. (0x12B)
[1015/140712.672:ERROR:process_memory_win.cc(73)] ReadMemory at 0x1f778826780 of 132 bytes failed: Only part of a ReadProcessMemory or WriteProcessMemory request was completed. (0x12B)
[1015/140712.672:ERROR:process_memory_win.cc(73)] ReadMemory at 0x1f7788268b0 of 132 bytes failed: Only part of a ReadProcessMemory or WriteProcessMemory request was completed. (0x12B)
[1015/140712.672:ERROR:process_memory_win.cc(73)] ReadMemory at 0x1f7788269e0 of 132 bytes failed: Only part of a ReadProcessMemory or WriteProcessMemory request was completed. (0x12B)
[1015/140712.672:ERROR:process_memory_win.cc(73)] ReadMemory at 0x1f778826b10 of 132 bytes failed: Only part of a ReadProcessMemory or WriteProcessMemory request was completed. (0x12B)
[1015/140712.672:ERROR:process_memory_win.cc(73)] ReadMemory at 0x1f778826ef0 of 62 bytes failed: Only part of a ReadProcessMemory or WriteProcessMemory request was completed. (0x12B)
[1015/140712.672:ERROR:process_memory_win.cc(73)] ReadMemory at 0x1f778826f40 of 60 bytes failed: Only part of a ReadProcessMemory or WriteProcessMemory request was completed. (0x12B)
[1015/140712.672:ERROR:process_memory_win.cc(73)] ReadMemory at 0x1f778826f90 of 64 bytes failed: Only part of a ReadProcessMemory or WriteProcessMemory request was completed. (0x12B)
[1015/140712.672:ERROR:process_memory_win.cc(73)] ReadMemory at 0x1f778826fe0 of 62 bytes failed: Only part of a ReadProcessMemory or WriteProcessMemory request was completed. (0x12B)
[1015/140712.672:ERROR:process_memory_win.cc(73)] ReadMemory at 0x1f778827030 of 62 bytes failed: Only part of a ReadProcessMemory or WriteProcessMemory request was completed. (0x12B)
[1015/140712.673:ERROR:process_memory_win.cc(73)] ReadMemory at 0x1f778827080 of 64 bytes failed: Only part of a ReadProcessMemory or WriteProcessMemory request was completed. (0x12B)
[1015/140712.673:ERROR:process_memory_win.cc(73)] ReadMemory at 0x1f7788270d0 of 62 bytes failed: Only part of a ReadProcessMemory or WriteProcessMemory request was completed. (0x12B)
[1015/140712.673:ERROR:process_memory_win.cc(73)] ReadMemory at 0x1f7788272b0 of 62 bytes failed: Only part of a ReadProcessMemory or WriteProcessMemory request was completed. (0x12B)
[1015/140712.673:ERROR:process_memory_win.cc(73)] ReadMemory at 0x1f778827300 of 60 bytes failed: Only part of a ReadProcessMemory or WriteProcessMemory request was completed. (0x12B)
[1015/140712.673:ERROR:process_memory_win.cc(73)] ReadMemory at 0x1f778827350 of 60 bytes failed: Only part of a ReadProcessMemory or WriteProcessMemory request was completed. (0x12B)
[1015/140712.673:ERROR:process_memory_win.cc(73)] ReadMemory at 0x1f7788273a0 of 64 bytes failed: Only part of a ReadProcessMemory or WriteProcessMemory request was completed. (0x12B)
[1015/140712.673:ERROR:process_memory_win.cc(73)] ReadMemory at 0x1f7788273f0 of 62 bytes failed: Only part of a ReadProcessMemory or WriteProcessMemory request was completed. (0x12B)
[1015/140712.673:ERROR:process_memory_win.cc(73)] ReadMemory at 0x1f778827440 of 60 bytes failed: Only part of a ReadProcessMemory or WriteProcessMemory request was completed. (0x12B)
[1015/140712.673:ERROR:process_memory_win.cc(73)] ReadMemory at 0x1f778827530 of 64 bytes failed: Only part of a ReadProcessMemory or WriteProcessMemory request was completed. (0x12B)
[1015/140712.674:ERROR:process_memory_win.cc(73)] ReadMemory at 0x1f7788275d0 of 60 bytes failed: Only part of a ReadProcessMemory or WriteProcessMemory request was completed. (0x12B)
[1015/140712.674:ERROR:process_memory_win.cc(73)] ReadMemory at 0x1f778827620 of 60 bytes failed: Only part of a ReadProcessMemory or WriteProcessMemory request was completed. (0x12B)
[1015/140712.674:ERROR:process_memory_win.cc(73)] ReadMemory at 0x1f778827670 of 62 bytes failed: Only part of a ReadProcessMemory or WriteProcessMemory request was completed. (0x12B)
[1015/140712.674:ERROR:process_memory_win.cc(73)] ReadMemory at 0x1f7788277b0 of 58 bytes failed: Only part of a ReadProcessMemory or WriteProcessMemory request was completed. (0x12B)
[1015/140712.674:ERROR:process_memory_win.cc(73)] ReadMemory at 0x1f778827850 of 62 bytes failed: Only part of a ReadProcessMemory or WriteProcessMemory request was completed. (0x12B)
[1015/140712.674:ERROR:process_memory_win.cc(73)] ReadMemory at 0x1f778827940 of 58 bytes failed: Only part of a ReadProcessMemory or WriteProcessMemory request was completed. (0x12B)
[1015/140712.674:ERROR:process_memory_win.cc(73)] ReadMemory at 0x1f778827a30 of 66 bytes failed: Only part of a ReadProcessMemory or WriteProcessMemory request was completed. (0x12B)
[1015/140712.674:ERROR:process_memory_win.cc(73)] ReadMemory at 0x1f778827c10 of 66 bytes failed: Only part of a ReadProcessMemory or WriteProcessMemory request was completed. (0x12B)
[1015/140712.674:ERROR:process_memory_win.cc(73)] ReadMemory at 0x1f778827da0 of 64 bytes failed: Only part of a ReadProcessMemory or WriteProcessMemory request was completed. (0x12B)
[1015/140712.675:ERROR:process_memory_win.cc(73)] ReadMemory at 0x1f778828110 of 132 bytes failed: Only part of a ReadProcessMemory or WriteProcessMemory request was completed. (0x12B)
[1015/140712.675:ERROR:process_memory_win.cc(73)] ReadMemory at 0x1f778828240 of 132 bytes failed: Only part of a ReadProcessMemory or WriteProcessMemory request was completed. (0x12B)
[1015/140712.675:ERROR:process_memory_win.cc(73)] ReadMemory at 0x1f778828370 of 132 bytes failed: Only part of a ReadProcessMemory or WriteProcessMemory request was completed. (0x12B)
[1015/140712.675:ERROR:process_memory_win.cc(73)] ReadMemory at 0x1f7788284a0 of 132 bytes failed: Only part of a ReadProcessMemory or WriteProcessMemory request was completed. (0x12B)
[1015/140712.675:ERROR:process_memory_win.cc(73)] ReadMemory at 0x1f7788285d0 of 132 bytes failed: Only part of a ReadProcessMemory or WriteProcessMemory request was completed. (0x12B)
[1015/140712.675:ERROR:process_memory_win.cc(73)] ReadMemory at 0x1f778828700 of 132 bytes failed: Only part of a ReadProcessMemory or WriteProcessMemory request was completed. (0x12B)
[1015/140712.675:ERROR:process_memory_win.cc(73)] ReadMemory at 0x1f778828a90 of 132 bytes failed: Only part of a ReadProcessMemory or WriteProcessMemory request was completed. (0x12B)
[1015/140712.676:ERROR:process_memory_win.cc(73)] ReadMemory at 0x1f778828bc0 of 132 bytes failed: Only part of a ReadProcessMemory or WriteProcessMemory request was completed. (0x12B)
[1015/140712.676:ERROR:process_memory_win.cc(73)] ReadMemory at 0x1f778828cf0 of 132 bytes failed: Only part of a ReadProcessMemory or WriteProcessMemory request was completed. (0x12B)
[1015/140712.676:ERROR:process_memory_win.cc(73)] ReadMemory at 0x1f778828e20 of 132 bytes failed: Only part of a ReadProcessMemory or WriteProcessMemory request was completed. (0x12B)
[1015/140712.676:ERROR:process_memory_win.cc(73)] ReadMemory at 0x1f778829080 of 132 bytes failed: Only part of a ReadProcessMemory or WriteProcessMemory request was completed. (0x12B)
[1015/140712.676:ERROR:process_memory_win.cc(73)] ReadMemory at 0x1f7788291b0 of 132 bytes failed: Only part of a ReadProcessMemory or WriteProcessMemory request was completed. (0x12B)
[1015/140712.676:ERROR:process_memory_win.cc(73)] ReadMemory at 0x1f7788292e0 of 132 bytes failed: Only part of a ReadProcessMemory or WriteProcessMemory request was completed. (0x12B)
[1015/140712.676:ERROR:process_memory_win.cc(73)] ReadMemory at 0x1f778829410 of 132 bytes failed: Only part of a ReadProcessMemory or WriteProcessMemory request was completed. (0x12B)
[1015/140712.676:ERROR:process_memory_win.cc(73)] ReadMemory at 0x1f778829540 of 132 bytes failed: Only part of a ReadProcessMemory or WriteProcessMemory request was completed. (0x12B)
[1015/140712.676:ERROR:process_memory_win.cc(73)] ReadMemory at 0x1f7788297a0 of 132 bytes failed: Only part of a ReadProcessMemory or WriteProcessMemory request was completed. (0x12B)
[1015/140712.677:ERROR:process_memory_win.cc(73)] ReadMemory at 0x1f7788298d0 of 132 bytes failed: Only part of a ReadProcessMemory or WriteProcessMemory request was completed. (0x12B)
[1015/140712.677:ERROR:process_memory_win.cc(73)] ReadMemory at 0x1f778829a00 of 132 bytes failed: Only part of a ReadProcessMemory or WriteProcessMemory request was completed. (0x12B)
[1015/140712.677:ERROR:process_memory_win.cc(73)] ReadMemory at 0x1f778829c60 of 132 bytes failed: Only part of a ReadProcessMemory or WriteProcessMemory request was completed. (0x12B)
[1015/140712.677:ERROR:process_memory_win.cc(73)] ReadMemory at 0x1f778834b20 of 62 bytes failed: Only part of a ReadProcessMemory or WriteProcessMemory request was completed. (0x12B)
[1015/140712.677:ERROR:process_memory_win.cc(73)] ReadMemory at 0x1f7788351b0 of 62 bytes failed: Only part of a ReadProcessMemory or WriteProcessMemory request was completed. (0x12B)
[1015/140712.677:ERROR:process_memory_win.cc(73)] ReadMemory at 0x1f778835200 of 62 bytes failed: Only part of a ReadProcessMemory or WriteProcessMemory request was completed. (0x12B)
[1015/140712.677:ERROR:process_memory_win.cc(73)] ReadMemory at 0x1f778835250 of 64 bytes failed: Only part of a ReadProcessMemory or WriteProcessMemory request was completed. (0x12B)
[1015/140712.677:ERROR:process_memory_win.cc(73)] ReadMemory at 0x1f7788463e0 of 512 bytes failed: Only part of a ReadProcessMemory or WriteProcessMemory request was completed. (0x12B)
[1015/140712.678:ERROR:process_memory_win.cc(73)] ReadMemory at 0x1f7788473d0 of 512 bytes failed: Only part of a ReadProcessMemory or WriteProcessMemory request was completed. (0x12B)
[1015/140712.678:ERROR:process_memory_win.cc(73)] ReadMemory at 0x1f778b00c40 of 512 bytes failed: Only part of a ReadProcessMemory or WriteProcessMemory request was completed. (0x12B)
[1015/140712.678:ERROR:process_memory_win.cc(73)] ReadMemory at 0x1f778c82950 of 512 bytes failed: Only part of a ReadProcessMemory or WriteProcessMemory request was completed. (0x12B)
[1015/140712.678:ERROR:process_memory_win.cc(73)] ReadMemory at 0x1f778c83370 of 512 bytes failed: Only part of a ReadProcessMemory or WriteProcessMemory request was completed. (0x12B)
[1015/140712.678:ERROR:process_memory_win.cc(73)] ReadMemory at 0x1f778c851b0 of 512 bytes failed: Only part of a ReadProcessMemory or WriteProcessMemory request was completed. (0x12B)
[1015/140712.678:ERROR:process_memory_win.cc(73)] ReadMemory at 0x1f778c85bd0 of 512 bytes failed: Only part of a ReadProcessMemory or WriteProcessMemory request was completed. (0x12B)
[1015/140712.678:ERROR:process_memory_win.cc(73)] ReadMemory at 0x1f778c881e0 of 512 bytes failed: Only part of a ReadProcessMemory or WriteProcessMemory request was completed. (0x12B)
[1015/140712.678:ERROR:process_memory_win.cc(73)] ReadMemory at 0x1f778cb0900 of 712 bytes failed: Only part of a ReadProcessMemory or WriteProcessMemory request was completed. (0x12B)
[1015/140712.678:ERROR:process_memory_win.cc(73)] ReadMemory at 0x1f778cb39a8 of 512 bytes failed: Only part of a ReadProcessMemory or WriteProcessMemory request was completed. (0x12B)
[1015/140712.679:ERROR:process_memory_win.cc(73)] ReadMemory at 0x1f778cb5b00 of 512 bytes failed: Only part of a ReadProcessMemory or WriteProcessMemory request was completed. (0x12B)
[1015/140712.679:ERROR:process_memory_win.cc(73)] ReadMemory at 0x1f778cbb118 of 512 bytes failed: Only part of a ReadProcessMemory or WriteProcessMemory request was completed. (0x12B)
[1015/140712.679:ERROR:process_memory_win.cc(73)] ReadMemory at 0x1f778cbb3e8 of 512 bytes failed: Only part of a ReadProcessMemory or WriteProcessMemory request was completed. (0x12B)
[1015/140712.679:ERROR:process_memory_win.cc(73)] ReadMemory at 0x1f77ac68420 of 512 bytes failed: Only part of a ReadProcessMemory or WriteProcessMemory request was completed. (0x12B)
[1015/140712.679:ERROR:process_memory_win.cc(73)] ReadMemory at 0x1f77ac6a4b8 of 512 bytes failed: Only part of a ReadProcessMemory or WriteProcessMemory request was completed. (0x12B)
[1015/140712.679:ERROR:process_memory_win.cc(73)] ReadMemory at 0x1f77ac6ba18 of 512 bytes failed: Only part of a ReadProcessMemory or WriteProcessMemory request was completed. (0x12B)
[1015/140712.679:ERROR:process_memory_win.cc(73)] ReadMemory at 0x1f77ac6bce8 of 512 bytes failed: Only part of a ReadProcessMemory or WriteProcessMemory request was completed. (0x12B)
[1015/140712.679:ERROR:process_memory_win.cc(73)] ReadMemory at 0x1f77ad07c10 of 512 bytes failed: Only part of a ReadProcessMemory or WriteProcessMemory request was completed. (0x12B)
[1015/140712.679:ERROR:process_memory_win.cc(73)] ReadMemory at 0x1f77adf0000 of 384 bytes failed: Only part of a ReadProcessMemory or WriteProcessMemory request was completed. (0x12B)
[1015/140712.680:ERROR:process_memory_win.cc(73)] ReadMemory at 0x1f77b2834b0 of 512 bytes failed: Only part of a ReadProcessMemory or WriteProcessMemory request was completed. (0x12B)
[1015/140712.680:ERROR:process_memory_win.cc(73)] ReadMemory at 0x1f77b4ed190 of 512 bytes failed: Only part of a ReadProcessMemory or WriteProcessMemory request was completed. (0x12B)
[1015/140712.680:ERROR:process_memory_win.cc(73)] ReadMemory at 0x1f77b4ed5f8 of 512 bytes failed: Only part of a ReadProcessMemory or WriteProcessMemory request was completed. (0x12B)
[1015/140712.680:ERROR:process_memory_win.cc(73)] ReadMemory at 0x116628a11860 of 512 bytes failed: Only part of a ReadProcessMemory or WriteProcessMemory request was completed. (0x12B)
[1015/140712.680:ERROR:process_memory_win.cc(73)] ReadMemory at 0x433d8a046dd8 of 512 bytes failed: Only part of a ReadProcessMemory or WriteProcessMemory request was completed. (0x12B)
[1015/140712.680:ERROR:process_memory_win.cc(73)] ReadMemory at 0x667ff306a139 of 512 bytes failed: Only part of a ReadProcessMemory or WriteProcessMemory request was completed. (0x12B)
[1015/140712.680:ERROR:process_memory_win.cc(73)] ReadMemory at 0x667ff307dc50 of 512 bytes failed: Only part of a ReadProcessMemory or WriteProcessMemory request was completed. (0x12B)
[1015/140712.681:ERROR:process_memory_win.cc(73)] ReadMemory at 0x74b15b1a2d48 of 512 bytes failed: Only part of a ReadProcessMemory or WriteProcessMemory request was completed. (0x12B)
[1015/140712.681:ERROR:process_memory_win.cc(73)] ReadMemory at 0x7ff80fca81eb of 512 bytes failed: Only part of a ReadProcessMemory or WriteProcessMemory request was completed. (0x12B)
[1015/140712.681:ERROR:process_memory_win.cc(73)] ReadMemory at 0x7ff8116b6acc of 512 bytes failed: Only part of a ReadProcessMemory or WriteProcessMemory request was completed. (0x12B)
[1015/140712.681:ERROR:process_memory_win.cc(73)] ReadMemory at 0x7ff8124ca1ab of 512 bytes failed: Only part of a ReadProcessMemory or WriteProcessMemory request was completed. (0x12B)
[1015/140712.681:ERROR:process_memory_win.cc(73)] ReadMemory at 0x7ff813f41908 of 512 bytes failed: Only part of a ReadProcessMemory or WriteProcessMemory request was completed. (0x12B)
[1015/140712.681:ERROR:process_memory_win.cc(73)] ReadMemory at 0x7ff871be21f0 of 512 bytes failed: Only part of a ReadProcessMemory or WriteProcessMemory request was completed. (0x12B)
[1015/140712.681:ERROR:process_memory_win.cc(73)] ReadMemory at 0x7ff8733fff00 of 512 bytes failed: Only part of a ReadProcessMemory or WriteProcessMemory request was completed. (0x12B)
[1015/140712.681:ERROR:process_memory_win.cc(73)] ReadMemory at 0x7ff87344f764 of 672 bytes failed: Only part of a ReadProcessMemory or WriteProcessMemory request was completed. (0x12B)
[1015/140712.681:ERROR:process_memory_win.cc(73)] ReadMemory at 0x7ff87344fd64 of 512 bytes failed: Only part of a ReadProcessMemory or WriteProcessMemory request was completed. (0x12B)
[1015/140712.681:ERROR:process_memory_win.cc(73)] ReadMemory at 0x7ff873452ff4 of 608 bytes failed: Only part of a ReadProcessMemory or WriteProcessMemory request was completed. (0x12B)
[1015/140712.682:ERROR:process_memory_win.cc(73)] ReadMemory at 0x7ff8734dc0c8 of 18 bytes failed: Only part of a ReadProcessMemory or WriteProcessMemory request was completed. (0x12B)
[1015/140712.682:ERROR:process_memory_win.cc(73)] ReadMemory at 0x7ff87350f4f8 of 40 bytes failed: Only part of a ReadProcessMemory or WriteProcessMemory request was completed. (0x12B)
[1015/140712.682:ERROR:process_memory_win.cc(73)] ReadMemory at 0x7ff87350f978 of 48 bytes failed: Only part of a ReadProcessMemory or WriteProcessMemory request was completed. (0x12B)
[1015/140712.682:ERROR:process_memory_win.cc(73)] ReadMemory at 0x7ff8735153c0 of 64 bytes failed: Only part of a ReadProcessMemory or WriteProcessMemory request was completed. (0x12B)
[1015/140712.685:ERROR:scoped_process_suspend.cc(40)] NtResumeProcess: An attempt was made to access an exiting process. (0xc000010a)
